<?xml version="1.0" encoding="UTF-8" ?>
<testsuite errors="0" failures="1" hostname="error404" name="test.ControladoraTest" skipped="0" tests="4" time="1.928" timestamp="2025-10-21T04:27:36">
  <properties>
    <property name="libs.spring-framework300.classpath" value="C:\Program Files\NetBeans-18\netbeans\platform\modules\org-apache-commons-logging.jar;C:\Program Files\NetBeans-18\netbeans\java\modules\ext\cglib-2.2.jar;C:\Program Files\NetBeans-18\netbeans\java\modules\ext\spring-3.0\spring-aop-3.2.18.RELEASE.jar;C:\Program Files\NetBeans-18\netbeans\java\modules\ext\spring-3.0\spring-aspects-3.2.18.RELEASE.jar;C:\Program Files\NetBeans-18\netbeans\java\modules\ext\spring-3.0\spring-beans-3.2.18.RELEASE.jar;C:\Program Files\NetBeans-18\netbeans\java\modules\ext\spring-3.0\spring-context-3.2.18.RELEASE.jar;C:\Program Files\NetBeans-18\netbeans\java\modules\ext\spring-3.0\spring-context-support-3.2.18.RELEASE.jar;C:\Program Files\NetBeans-18\netbeans\java\modules\ext\spring-3.0\spring-core-3.2.18.RELEASE.jar;C:\Program Files\NetBeans-18\netbeans\java\modules\ext\spring-3.0\spring-expression-3.2.18.RELEASE.jar;C:\Program Files\NetBeans-18\netbeans\java\modules\ext\spring-3.0\spring-instrument-3.2.18.RELEASE.jar;C:\Program Files\NetBeans-18\netbeans\java\modules\ext\spring-3.0\spring-instrument-tomcat-3.2.18.RELEASE.jar;C:\Program Files\NetBeans-18\netbeans\java\modules\ext\spring-3.0\spring-jdbc-3.2.18.RELEASE.jar;C:\Program Files\NetBeans-18\netbeans\java\modules\ext\spring-3.0\spring-jms-3.2.18.RELEASE.jar;C:\Program Files\NetBeans-18\netbeans\java\modules\ext\spring-3.0\spring-orm-3.2.18.RELEASE.jar;C:\Program Files\NetBeans-18\netbeans\java\modules\ext\spring-3.0\spring-oxm-3.2.18.RELEASE.jar;C:\Program Files\NetBeans-18\netbeans\java\modules\ext\spring-3.0\spring-struts-3.2.18.RELEASE.jar;C:\Program Files\NetBeans-18\netbeans\java\modules\ext\spring-3.0\spring-test-3.2.18.RELEASE.jar;C:\Program Files\NetBeans-18\netbeans\java\modules\ext\spring-3.0\spring-tx-3.2.18.RELEASE.jar;C:\Program Files\NetBeans-18\netbeans\java\modules\ext\spring-3.0\spring-web-3.2.18.RELEASE.jar;C:\Program Files\NetBeans-18\netbeans\java\modules\ext\spring-3.0\spring-webmvc-3.2.18.RELEASE.jar;C:\Program Files\NetBeans-18\netbeans\java\modules\ext\spring-3.0\spring-webmvc-portlet-3.2.18.RELEASE.jar" />
    <property name="javac.test.classpath" value="../../../mysql-connector-j-9.4.0/mysql-connector-j-9.4.0/mysql-connector-j-9.4.0.jar:C:\Program Files\NetBeans-18\netbeans\java\modules\ext\eclipselink\org.eclipse.persistence.core-2.7.12.jar;C:\Program Files\NetBeans-18\netbeans\java\modules\ext\eclipselink\org.eclipse.persistence.asm-9.4.0.jar;C:\Program Files\NetBeans-18\netbeans\java\modules\ext\eclipselink\org.eclipse.persistence.antlr-2.7.12.jar;C:\Program Files\NetBeans-18\netbeans\java\modules\ext\eclipselink\org.eclipse.persistence.jpa-2.7.12.jar;C:\Program Files\NetBeans-18\netbeans\java\modules\ext\eclipselink\org.eclipse.persistence.jpa.jpql-2.7.12.jar;C:\Program Files\NetBeans-18\netbeans\java\modules\ext\eclipselink\org.eclipse.persistence.moxy-2.7.12.jar;C:\Program Files\NetBeans-18\netbeans\java\modules\ext\eclipselink\jakarta.persistence-2.2.3.jar:C:\Program Files\NetBeans-18\netbeans\java\modules\ext\AbsoluteLayout.jar:build/classes:../../dependencias java/junit-platform-console-standalone-1.6.0.jar" />
    <property name="java.specification.version" value="21" />
    <property name="libs.spring-framework500.classpath" value="C:\Program Files\NetBeans-18\netbeans\platform\modules\org-apache-commons-logging.jar;C:\Program Files\NetBeans-18\netbeans\java\modules\ext\cglib-2.2.jar;C:\Program Files\NetBeans-18\netbeans\java\modules\ext\spring-5\spring-aop-5.2.9.RELEASE.jar;C:\Program Files\NetBeans-18\netbeans\java\modules\ext\spring-5\spring-aspects-5.2.9.RELEASE.jar;C:\Program Files\NetBeans-18\netbeans\java\modules\ext\spring-5\spring-beans-5.2.9.RELEASE.jar;C:\Program Files\NetBeans-18\netbeans\java\modules\ext\spring-5\spring-context-5.2.9.RELEASE.jar;C:\Program Files\NetBeans-18\netbeans\java\modules\ext\spring-5\spring-context-indexer-5.2.9.RELEASE.jar;C:\Program Files\NetBeans-18\netbeans\java\modules\ext\spring-5\spring-context-support-5.2.9.RELEASE.jar;C:\Program Files\NetBeans-18\netbeans\java\modules\ext\spring-5\spring-core-5.2.9.RELEASE.jar;C:\Program Files\NetBeans-18\netbeans\java\modules\ext\spring-5\spring-expression-5.2.9.RELEASE.jar;C:\Program Files\NetBeans-18\netbeans\java\modules\ext\spring-5\spring-instrument-5.2.9.RELEASE.jar;C:\Program Files\NetBeans-18\netbeans\java\modules\ext\spring-5\spring-jcl-5.2.9.RELEASE.jar;C:\Program Files\NetBeans-18\netbeans\java\modules\ext\spring-5\spring-jdbc-5.2.9.RELEASE.jar;C:\Program Files\NetBeans-18\netbeans\java\modules\ext\spring-5\spring-jms-5.2.9.RELEASE.jar;C:\Program Files\NetBeans-18\netbeans\java\modules\ext\spring-5\spring-messaging-5.2.9.RELEASE.jar;C:\Program Files\NetBeans-18\netbeans\java\modules\ext\spring-5\spring-orm-5.2.9.RELEASE.jar;C:\Program Files\NetBeans-18\netbeans\java\modules\ext\spring-5\spring-oxm-5.2.9.RELEASE.jar;C:\Program Files\NetBeans-18\netbeans\java\modules\ext\spring-5\spring-test-5.2.9.RELEASE.jar;C:\Program Files\NetBeans-18\netbeans\java\modules\ext\spring-5\spring-tx-5.2.9.RELEASE.jar;C:\Program Files\NetBeans-18\netbeans\java\modules\ext\spring-5\spring-web-5.2.9.RELEASE.jar;C:\Program Files\NetBeans-18\netbeans\java\modules\ext\spring-5\spring-webflux-5.2.9.RELEASE.jar;C:\Program Files\NetBeans-18\netbeans\java\modules\ext\spring-5\spring-webmvc-5.2.9.RELEASE.jar;C:\Program Files\NetBeans-18\netbeans\java\modules\ext\spring-5\spring-websocket-5.2.9.RELEASE.jar" />
    <property name="jar.index.metainf" value="false" />
    <property name="jnlp.signing.keystore" value="" />
    <property name="libs.spring-framework400.classpath" value="C:\Program Files\NetBeans-18\netbeans\platform\modules\org-apache-commons-logging.jar;C:\Program Files\NetBeans-18\netbeans\java\modules\ext\cglib-2.2.jar;C:\Program Files\NetBeans-18\netbeans\java\modules\ext\spring-4\spring-aop-4.3.29.RELEASE.jar;C:\Program Files\NetBeans-18\netbeans\java\modules\ext\spring-4\spring-aspects-4.3.29.RELEASE.jar;C:\Program Files\NetBeans-18\netbeans\java\modules\ext\spring-4\spring-beans-4.3.29.RELEASE.jar;C:\Program Files\NetBeans-18\netbeans\java\modules\ext\spring-4\spring-context-4.3.29.RELEASE.jar;C:\Program Files\NetBeans-18\netbeans\java\modules\ext\spring-4\spring-context-support-4.3.29.RELEASE.jar;C:\Program Files\NetBeans-18\netbeans\java\modules\ext\spring-4\spring-core-4.3.29.RELEASE.jar;C:\Program Files\NetBeans-18\netbeans\java\modules\ext\spring-4\spring-expression-4.3.29.RELEASE.jar;C:\Program Files\NetBeans-18\netbeans\java\modules\ext\spring-4\spring-instrument-4.3.29.RELEASE.jar;C:\Program Files\NetBeans-18\netbeans\java\modules\ext\spring-4\spring-instrument-tomcat-4.3.29.RELEASE.jar;C:\Program Files\NetBeans-18\netbeans\java\modules\ext\spring-4\spring-jdbc-4.3.29.RELEASE.jar;C:\Program Files\NetBeans-18\netbeans\java\modules\ext\spring-4\spring-jms-4.3.29.RELEASE.jar;C:\Program Files\NetBeans-18\netbeans\java\modules\ext\spring-4\spring-messaging-4.3.29.RELEASE.jar;C:\Program Files\NetBeans-18\netbeans\java\modules\ext\spring-4\spring-orm-4.3.29.RELEASE.jar;C:\Program Files\NetBeans-18\netbeans\java\modules\ext\spring-4\spring-oxm-4.3.29.RELEASE.jar;C:\Program Files\NetBeans-18\netbeans\java\modules\ext\spring-4\spring-test-4.3.29.RELEASE.jar;C:\Program Files\NetBeans-18\netbeans\java\modules\ext\spring-4\spring-tx-4.3.29.RELEASE.jar;C:\Program Files\NetBeans-18\netbeans\java\modules\ext\spring-4\spring-web-4.3.29.RELEASE.jar;C:\Program Files\NetBeans-18\netbeans\java\modules\ext\spring-4\spring-webmvc-4.3.29.RELEASE.jar;C:\Program Files\NetBeans-18\netbeans\java\modules\ext\spring-4\spring-webmvc-portlet-4.3.29.RELEASE.jar;C:\Program Files\NetBeans-18\netbeans\java\modules\ext\spring-4\spring-websocket-4.3.29.RELEASE.jar" />
    <property name="libs.spring-webmvc4.0.javadoc" value="" />
    <property name="test.binaryincludes" value="&lt;nothing&gt;" />
    <property name="debug-transport" value="dt_shmem" />
    <property name="do.jlink" value="false" />
    <property name="libs.javaee-web-api-8.0.src" value="" />
    <property name="java.vendor.url" value="https://java.oracle.com/" />
    <property name="debug.modulepath" value="" />
    <property name="libs.jsp-compilation.src" value="" />
    <property name="libs.eclipselink.javadoc" value="C:\Program Files\NetBeans-18\netbeans\java\modules\ext\docs\jakarta.persistence-2.2.3-doc.zip" />
    <property name="libs.JWSAntTasks.javadoc" value="" />
    <property name="sun.boot.library.path" value="C:\Program Files\Java\jdk-24\bin" />
    <property name="sun.java.command" value="org.apache.tools.ant.taskdefs.optional.junit.JUnitTestRunner test.ControladoraTest skipNonTests=false filtertrace=true haltOnError=false haltOnFailure=false showoutput=true outputtoformatters=true logfailedtests=true threadid=0 logtestlistenerevents=true formatter=org.apache.tools.ant.taskdefs.optional.junit.BriefJUnitResultFormatter formatter=org.apache.tools.ant.taskdefs.optional.junit.XMLJUnitResultFormatter,C:\Users\Juanpi\Desktop\proyectos\culturarteFinal\proyecto java culturarte\build\test\results\TEST-test.ControladoraTest.xml crashfile=C:\Users\Juanpi\Desktop\proyectos\culturarteFinal\proyecto java culturarte\build\junitvmwatcher10836029286100011585.properties propsfile=C:\Users\Juanpi\Desktop\proyectos\culturarteFinal\proyecto java culturarte\build\junit11792452118833965799.properties" />
    <property name="jdk.debug" value="release" />
    <property name="libs.spring-framework300.src" value="" />
    <property name="javadoc.use" value="true" />
    <property name="javadoc.notree" value="false" />
    <property name="basedir" value="C:\Users\Juanpi\Desktop\proyectos\culturarteFinal\proyecto java culturarte" />
    <property name="application.vendor" value="Juanpi" />
    <property name="java.specification.name" value="Java Platform API Specification" />
    <property name="java.vm.specification.vendor" value="Oracle Corporation" />
    <property name="libs.jsf20.classpath" value="C:\Program Files\NetBeans-18\netbeans\enterprise\modules\ext\jsf-2_2\javax.faces.jar" />
    <property name="netbeans.extbrowser.manual_chrome_plugin_install" value="yes" />
    <property name="libs.jakartaee-api-10.0.maven-pom" value="" />
    <property name="netbeans.default_userdir_root" value="C:\Users\Juanpi\AppData\Roaming\NetBeans" />
    <property name="libs.spring-framework500.javadoc" value="" />
    <property name="libs.jsp-compilation-syscp.src" value="" />
    <property name="jdk.home" value="C:\Program Files\Java\jdk-24" />
    <property name="java.runtime.version" value="21.0.6+8-LTS-188" />
    <property name="libs.eclipselink.maven-pom" value="" />
    <property name="libs.metro.maven-pom" value="" />
    <property name="libs.JAXB-ENDORSED.javadoc" value="" />
    <property name="sun.java2d.noddraw" value="true" />
    <property name="guice.disable.misplaced.annotation.check" value="true" />
    <property name="sun.zip.disableMemoryMapping" value="true" />
    <property name="libs.primefaces.javadoc" value="" />
    <property name="libs.jsp-compilation.javadoc" value="" />
    <property name="libs.jsf12.src" value="" />
    <property name="libs.groovy-all.maven-pom" value="" />
    <property name="libs.restapi.src" value="" />
    <property name="libs.junit_5.javadoc" value="C:\Program Files\NetBeans-18\netbeans\platform\docs\junit-jupiter-api-5.6.0-javadoc.jar;C:\Program Files\NetBeans-18\netbeans\platform\docs\junit-jupiter-params-5.6.0-javadoc.jar;C:\Program Files\NetBeans-18\netbeans\platform\docs\junit-jupiter-engine-5.6.0-javadoc.jar" />
    <property name="jnlp.enabled" value="false" />
    <property name="dist.archive.excludes" value="" />
    <property name="java.io.tmpdir" value="C:\Users\Juanpi\AppData\Local\Temp\" />
    <property name="java.version" value="21.0.6" />
    <property name="java.vm.specification.name" value="Java Virtual Machine Specification" />
    <property name="libs.jakartaee-api-8.0.javadoc" value="C:\Program Files\NetBeans-18\netbeans\enterprise\docs\jakartaee8-doc-api.jar" />
    <property name="native.encoding" value="Cp1252" />
    <property name="java.library.path" value="C:\Program Files\Java\jdk-24\bin;C:\WINDOWS\Sun\Java\bin;C:\WINDOWS\system32;C:\WINDOWS;C:\Program Files\Common Files\Oracle\Java\javapath;C:\Program Files (x86)\Common Files\Oracle\Java\javapath;C:\WINDOWS\system32;C:\WINDOWS;C:\WINDOWS\System32\Wbem;C:\WINDOWS\System32\WindowsPowerShell\v1.0\;C:\WINDOWS\System32\OpenSSH\;C:\Program Files (x86)\NVIDIA Corporation\PhysX\Common;C:\Program Files\dotnet\;C:\Program Files\Oracle\VirtualBox;C:\Program Files\Git\cmd;C:\Program Files\NVIDIA Corporation\NVIDIA app\NvDLISR;C:\MinGW\bin;C:\MinGW\msys\1.0\bin;C:\cygwin64\bin;C:\cygwin64\lib;;C:\Program Files\Docker\Docker\resources\bin;C:\Users\Juanpi\AppData\Local\Microsoft\WindowsApps;C:\Users\Juanpi\AppData\Local\Programs\Microsoft VS Code\bin;C:\Program Files\Java\jdk-24\bin;;." />
    <property name="libs.hamcrest.src" value="" />
    <property name="java.vendor" value="Oracle Corporation" />
    <property name="libs.testng.javadoc" value="C:\Program Files\NetBeans-18\netbeans\platform\docs\testng-6.13.1-javadoc.jar" />
    <property name="libs.groovy-all.src" value="" />
    <property name="meta.inf.dir" value="src/META-INF" />
    <property name="run.upgrademodulepath" value="" />
    <property name="compile.on.save" value="true" />
    <property name="libs.testng.maven-pom" value="" />
    <property name="jlink.additionalparam" value="" />
    <property name="org.openide.version" value="deprecated" />
    <property name="run.classpath" value="../../../mysql-connector-j-9.4.0/mysql-connector-j-9.4.0/mysql-connector-j-9.4.0.jar:C:\Program Files\NetBeans-18\netbeans\java\modules\ext\eclipselink\org.eclipse.persistence.core-2.7.12.jar;C:\Program Files\NetBeans-18\netbeans\java\modules\ext\eclipselink\org.eclipse.persistence.asm-9.4.0.jar;C:\Program Files\NetBeans-18\netbeans\java\modules\ext\eclipselink\org.eclipse.persistence.antlr-2.7.12.jar;C:\Program Files\NetBeans-18\netbeans\java\modules\ext\eclipselink\org.eclipse.persistence.jpa-2.7.12.jar;C:\Program Files\NetBeans-18\netbeans\java\modules\ext\eclipselink\org.eclipse.persistence.jpa.jpql-2.7.12.jar;C:\Program Files\NetBeans-18\netbeans\java\modules\ext\eclipselink\org.eclipse.persistence.moxy-2.7.12.jar;C:\Program Files\NetBeans-18\netbeans\java\modules\ext\eclipselink\jakarta.persistence-2.2.3.jar:C:\Program Files\NetBeans-18\netbeans\java\modules\ext\AbsoluteLayout.jar:build/classes" />
    <property name="libs.jaxb.src" value="" />
    <property name="sun.awt.enableExtraMouseButtons" value="true" />
    <property name="test.src.dir" value="test" />
    <property name="org.openide.major.version" value="IDE/1" />
    <property name="libs.spring-framework300.javadoc" value="" />
    <property name="ap.proc.none.internal" value="" />
    <property name="org.openide.specification.version" value="6.2" />
    <property name="user.timezone" value="America/Montevideo" />
    <property name="jar.index" value="false" />
    <property name="libs.jpa20-persistence.classpath" value="C:\Program Files\NetBeans-18\netbeans\java\modules\ext\eclipselink\jakarta.persistence-2.2.3.jar" />
    <property name="libs.junit_5.classpath" value="C:\Program Files\NetBeans-18\netbeans\platform\modules\ext\junit-jupiter-api-5.6.0.jar;C:\Program Files\NetBeans-18\netbeans\platform\modules\ext\junit-jupiter-params-5.6.0.jar;C:\Program Files\NetBeans-18\netbeans\platform\modules\ext\junit-jupiter-engine-5.6.0.jar" />
    <property name="libs.eclipselinkmodelgen.javadoc" value="" />
    <property name="java.vm.specification.version" value="21" />
    <property name="javadoc.noindex" value="false" />
    <property name="javadoc.private" value="false" />
    <property name="libs.spring-webmvc4.0.maven-pom" value="" />
    <property name="libs.JAXB-ENDORSED.maven-pom" value="" />
    <property name="user.home" value="C:\Users\Juanpi" />
    <property name="libs.eclipselinkmodelgen.maven-pom" value="" />
    <property name="have.sources" value="true" />
    <property name="annotation.processing.processors.list" value="" />
    <property name="jlink.launcher" value="true" />
    <property name="javac.deprecation" value="false" />
    <property name="manifest.custom.caller.allowable.codebase" value="" />
    <property name="build.generated.sources.dir" value="build/generated-sources" />
    <property name="plugin.manager.check.updates" value="false" />
    <property name="netbeans.autoupdate.language" value="en" />
    <property name="build.compiler.emacs" value="true" />
    <property name="libs.eclipselinkmodelgen.src" value="" />
    <property name="build.classes.excludes" value="**/*.java,**/*.form" />
    <property name="dist.jar" value="dist/culturarte.jar" />
    <property name="libs.jakartaee-web-api-9.0.classpath" value="C:\Program Files\NetBeans-18\netbeans\enterprise\modules\ext\jakarta.jakartaee-web-api-9.0.0.jar" />
    <property name="libs.spring-webmvc4.0.classpath" value="C:\Program Files\NetBeans-18\netbeans\java\modules\ext\spring-4\spring-webmvc-4.3.29.RELEASE.jar" />
    <property name="modules.supported.internal" value="true" />
    <property name="libs.javaee-endorsed-api-7.0.javadoc" value="C:\Program Files\NetBeans-18\netbeans\enterprise\docs\javaee-doc-api.jar" />
    <property name="os.version" value="10.0" />
    <property name="jna.nosys" value="false" />
    <property name="netbeans.home" value="C:\Program Files\NetBeans-18\netbeans\platform" />
    <property name="libs.CopyLibs.javadoc" value="" />
    <property name="debug-transport-by-os" value="dt_shmem" />
    <property name="libs.javaee-api-8.0.javadoc" value="C:\Program Files\NetBeans-18\netbeans\enterprise\docs\javaee-doc-api.jar" />
    <property name="libs.jsf20.src" value="" />
    <property name="java.vm.name" value="Java HotSpot(TM) 64-Bit Server VM" />
    <property name="unnamed.module.internal" value="true" />
    <property name="libs.jakartaee-api-10.0.javadoc" value="C:\Program Files\NetBeans-18\netbeans\enterprise\docs\jakartaee10-doc-api.jar" />
    <property name="libs.jstl.javadoc" value="C:\Program Files\NetBeans-18\netbeans\enterprise\docs\javaee-doc-api.jar" />
    <property name="libs.javaee-endorsed-api-7.0.maven-pom" value="" />
    <property name="libs.jaxws21.classpath" value="C:\Program Files\NetBeans-18\netbeans\java\modules\ext\jaxws22\api\jakarta.jws-api.jar;C:\Program Files\NetBeans-18\netbeans\java\modules\ext\jaxws22\api\jakarta.xml.soap-api.jar;C:\Program Files\NetBeans-18\netbeans\java\modules\ext\jaxws22\api\jakarta.xml.ws-api.jar;C:\Program Files\NetBeans-18\netbeans\java\modules\ext\jaxws22\FastInfoset.jar;C:\Program Files\NetBeans-18\netbeans\java\modules\ext\jaxws22\gmbal-api-only.jar;C:\Program Files\NetBeans-18\netbeans\java\modules\ext\jaxws22\ha-api.jar;C:\Program Files\NetBeans-18\netbeans\java\modules\ext\jaxws22\jakarta.mail.jar;C:\Program Files\NetBeans-18\netbeans\java\modules\ext\jaxws22\jaxws-rt.jar;C:\Program Files\NetBeans-18\netbeans\java\modules\ext\jaxws22\jaxws-tools.jar;C:\Program Files\NetBeans-18\netbeans\java\modules\ext\jaxws22\management-api.jar;C:\Program Files\NetBeans-18\netbeans\java\modules\ext\jaxws22\mimepull.jar;C:\Program Files\NetBeans-18\netbeans\java\modules\ext\jaxws22\policy.jar;C:\Program Files\NetBeans-18\netbeans\java\modules\ext\jaxws22\saaj-impl.jar;C:\Program Files\NetBeans-18\netbeans\java\modules\ext\jaxws22\stax-ex.jar;C:\Program Files\NetBeans-18\netbeans\java\modules\ext\jaxws22\stax2-api.jar;C:\Program Files\NetBeans-18\netbeans\java\modules\ext\jaxws22\streambuffer.jar;C:\Program Files\NetBeans-18\netbeans\java\modules\ext\jaxws22\woodstox-core.jar;C:\Program Files\NetBeans-18\netbeans\ide\modules\ext\jaxb\api\jaxb-api.jar;C:\Program Files\NetBeans-18\netbeans\ide\modules\ext\jaxb\activation.jar;C:\Program Files\NetBeans-18\netbeans\ide\modules\ext\jaxb\jaxb-impl.jar;C:\Program Files\NetBeans-18\netbeans\ide\modules\ext\jaxb\jaxb-xjc.jar" />
    <property name="libs.restapi.classpath" value="C:\Program Files\NetBeans-18\netbeans\enterprise\modules\ext\jaxrs-2.1\jakarta.ws.rs-api-2.1.6.jar" />
    <property name="os.arch" value="amd64" />
    <property name="build.generated.dir" value="build/generated" />
    <property name="libs.groovy-all.javadoc" value="" />
    <property name="libs.jakartaee-api-8.0.classpath" value="C:\Program Files\NetBeans-18\netbeans\enterprise\modules\ext\jakarta.jakartaee-api-8.0.0.jar" />
    <property name="libs.javaee-web-api-7.0.javadoc" value="C:\Program Files\NetBeans-18\netbeans\enterprise\docs\javaee-doc-api.jar" />
    <property name="libs.javaee-endorsed-api-6.0.src" value="" />
    <property name="jnlp.descriptor" value="application" />
    <property name="libs.jsf12.maven-pom" value="" />
    <property name="libs.javaee-endorsed-api-7.0.classpath" value="C:\Program Files\NetBeans-18\netbeans\enterprise\modules\ext\javaee7-endorsed\javax.annotation-api.jar;C:\Program Files\NetBeans-18\netbeans\enterprise\modules\ext\javaee7-endorsed\javax.xml.soap-api.jar;C:\Program Files\NetBeans-18\netbeans\enterprise\modules\ext\javaee7-endorsed\jaxb-api-osgi.jar;C:\Program Files\NetBeans-18\netbeans\enterprise\modules\ext\javaee7-endorsed\jaxws-api.jar;C:\Program Files\NetBeans-18\netbeans\enterprise\modules\ext\javaee7-endorsed\jsr181-api.jar" />
    <property name="libs.primefaces.maven-pom" value="" />
    <property name="org.netbeans.io.suspend" value="0" />
    <property name="ant.project.name" value="culturarte" />
    <property name="dist.javadoc.dir" value="dist/javadoc" />
    <property name="default.javac.target" value="21" />
    <property name="javac.fork" value="true" />
    <property name="libs.eclipselink.classpath" value="C:\Program Files\NetBeans-18\netbeans\java\modules\ext\eclipselink\org.eclipse.persistence.core-2.7.12.jar;C:\Program Files\NetBeans-18\netbeans\java\modules\ext\eclipselink\org.eclipse.persistence.asm-9.4.0.jar;C:\Program Files\NetBeans-18\netbeans\java\modules\ext\eclipselink\org.eclipse.persistence.antlr-2.7.12.jar;C:\Program Files\NetBeans-18\netbeans\java\modules\ext\eclipselink\org.eclipse.persistence.jpa-2.7.12.jar;C:\Program Files\NetBeans-18\netbeans\java\modules\ext\eclipselink\org.eclipse.persistence.jpa.jpql-2.7.12.jar;C:\Program Files\NetBeans-18\netbeans\java\modules\ext\eclipselink\org.eclipse.persistence.moxy-2.7.12.jar;C:\Program Files\NetBeans-18\netbeans\java\modules\ext\eclipselink\jakarta.persistence-2.2.3.jar" />
    <property name="ant.file.type.culturarte" value="file" />
    <property name="libs.struts.classpath" value="C:\Program Files\NetBeans-18\netbeans\enterprise\modules\ext\struts\antlr-2.7.2.jar;C:\Program Files\NetBeans-18\netbeans\enterprise\modules\ext\struts\bsf-2.3.0.jar;C:\Program Files\NetBeans-18\netbeans\enterprise\modules\ext\struts\commons-beanutils-1.8.0.jar;C:\Program Files\NetBeans-18\netbeans\enterprise\modules\ext\struts\commons-chain-1.2.jar;C:\Program Files\NetBeans-18\netbeans\enterprise\modules\ext\struts\commons-digester-1.8.jar;C:\Program Files\NetBeans-18\netbeans\enterprise\modules\ext\struts\commons-fileupload-1.1.1.jar;C:\Program Files\NetBeans-18\netbeans\enterprise\modules\ext\struts\commons-io-1.1.jar;C:\Program Files\NetBeans-18\netbeans\enterprise\modules\ext\struts\commons-logging-1.0.4.jar;C:\Program Files\NetBeans-18\netbeans\enterprise\modules\ext\struts\commons-validator-1.3.1.jar;C:\Program Files\NetBeans-18\netbeans\enterprise\modules\ext\struts\jstl-1.0.2.jar;C:\Program Files\NetBeans-18\netbeans\enterprise\modules\ext\struts\oro-2.0.8.jar;C:\Program Files\NetBeans-18\netbeans\enterprise\modules\ext\struts\standard-1.0.6.jar;C:\Program Files\NetBeans-18\netbeans\enterprise\modules\ext\struts\struts-core-1.3.10.jar;C:\Program Files\NetBeans-18\netbeans\enterprise\modules\ext\struts\struts-el-1.3.10.jar;C:\Program Files\NetBeans-18\netbeans\enterprise\modules\ext\struts\struts-extras-1.3.10.jar;C:\Program Files\NetBeans-18\netbeans\enterprise\modules\ext\struts\struts-faces-1.3.10.jar;C:\Program Files\NetBeans-18\netbeans\enterprise\modules\ext\struts\struts-mailreader-dao-1.3.10.jar;C:\Program Files\NetBeans-18\netbeans\enterprise\modules\ext\struts\struts-scripting-1.3.10.jar;C:\Program Files\NetBeans-18\netbeans\enterprise\modules\ext\struts\struts-taglib-1.3.10.jar;C:\Program Files\NetBeans-18\netbeans\enterprise\modules\ext\struts\struts-tiles-1.3.10.jar" />
    <property name="libs.PostgreSQLDriver.maven-pom" value="" />
    <property name="libs.absolutelayout.src" value="" />
    <property name="testng.mode" value="testng" />
    <property name="annotation.processing.enabled.in.editor" value="false" />
    <property name="java.vm.compressedOopsMode" value="Zero based" />
    <property name="netbeans.productversion" value="Apache NetBeans IDE 18" />
    <property name="mkdist.disabled" value="false" />
    <property name="libs.javaee-web-api-6.0.javadoc" value="C:\Program Files\NetBeans-18\netbeans\enterprise\docs\javaee-doc-api.jar" />
    <property name="libs.groovy-all.classpath" value="C:\Program Files\NetBeans-18\netbeans\groovy\modules\ext\groovy-3.0.8.jar;C:\Program Files\NetBeans-18\netbeans\groovy\modules\ext\groovy-ant-3.0.8.jar" />
    <property name="libs.javaee-api-7.0.maven-pom" value="" />
    <property name="libs.absolutelayout.javadoc" value="" />
    <property name="module.build.classes.dir" value="build/classes" />
    <property name="annotation.processing.processor.options" value="-Aeclipselink.canonicalmodel.use_static_factory=false" />
    <property name="libs.jaxb.maven-pom" value="" />
    <property name="libs.javaee-api-6.0.maven-pom" value="" />
    <property name="dist.dir" value="dist" />
    <property name="build.dir" value="build" />
    <property name="libs.graaljs.maven-pom" value="" />
    <property name="netbeans.autoupdate.variant" value="" />
    <property name="javadoc.version" value="false" />
    <property name="libs.metro.classpath" value="C:\Program Files\NetBeans-18\netbeans\ide\modules\ext\jaxb\activation.jar;C:\Program Files\NetBeans-18\netbeans\enterprise\modules\ext\metro\webservices-api.jar;C:\Program Files\NetBeans-18\netbeans\enterprise\modules\ext\metro\webservices-extra-api.jar;C:\Program Files\NetBeans-18\netbeans\enterprise\modules\ext\metro\webservices-extra.jar;C:\Program Files\NetBeans-18\netbeans\enterprise\modules\ext\metro\webservices-rt.jar;C:\Program Files\NetBeans-18\netbeans\enterprise\modules\ext\metro\webservices-tools.jar" />
    <property name="libs.metro.src" value="" />
    <property name="libs.CopyLibs.classpath" value="C:\Program Files\NetBeans-18\netbeans\java\ant\extra\org-netbeans-modules-java-j2seproject-copylibstask.jar" />
    <property name="sun.os.patch.level" value="" />
    <property name="libs.libreriaLogica.src" value="" />
    <property name="file.reference.junit-platform-console-standalone-1.6.0.jar" value="../../dependencias java/junit-platform-console-standalone-1.6.0.jar" />
    <property name="javadoc.html5" value="false" />
    <property name="javac.test.processorpath" value="../../../mysql-connector-j-9.4.0/mysql-connector-j-9.4.0/mysql-connector-j-9.4.0.jar:C:\Program Files\NetBeans-18\netbeans\java\modules\ext\eclipselink\org.eclipse.persistence.core-2.7.12.jar;C:\Program Files\NetBeans-18\netbeans\java\modules\ext\eclipselink\org.eclipse.persistence.asm-9.4.0.jar;C:\Program Files\NetBeans-18\netbeans\java\modules\ext\eclipselink\org.eclipse.persistence.antlr-2.7.12.jar;C:\Program Files\NetBeans-18\netbeans\java\modules\ext\eclipselink\org.eclipse.persistence.jpa-2.7.12.jar;C:\Program Files\NetBeans-18\netbeans\java\modules\ext\eclipselink\org.eclipse.persistence.jpa.jpql-2.7.12.jar;C:\Program Files\NetBeans-18\netbeans\java\modules\ext\eclipselink\org.eclipse.persistence.moxy-2.7.12.jar;C:\Program Files\NetBeans-18\netbeans\java\modules\ext\eclipselink\jakarta.persistence-2.2.3.jar:C:\Program Files\NetBeans-18\netbeans\java\modules\ext\AbsoluteLayout.jar:build/classes:../../dependencias java/junit-platform-console-standalone-1.6.0.jar" />
    <property name="libs.javaee-web-api-7.0.maven-pom" value="" />
    <property name="libs.javaee-web-api-8.0.maven-pom" value="" />
    <property name="netbeans.dirs" value="C:\Program Files\NetBeans-18\netbeans\nb;C:\Program Files\NetBeans-18\netbeans\ergonomics;C:\Program Files\NetBeans-18\netbeans\ide;C:\Program Files\NetBeans-18\netbeans\extide;C:\Program Files\NetBeans-18\netbeans\java;C:\Program Files\NetBeans-18\netbeans\apisupport;C:\Program Files\NetBeans-18\netbeans\webcommon;C:\Program Files\NetBeans-18\netbeans\websvccommon;C:\Program Files\NetBeans-18\netbeans\enterprise;C:\Program Files\NetBeans-18\netbeans\mobility;C:\Program Files\NetBeans-18\netbeans\profiler;C:\Program Files\NetBeans-18\netbeans\python;C:\Program Files\NetBeans-18\netbeans\php;C:\Program Files\NetBeans-18\netbeans\identity;C:\Program Files\NetBeans-18\netbeans\harness;C:\Program Files\NetBeans-18\netbeans\cnd;C:\Program Files\NetBeans-18\netbeans\cndext;C:\Program Files\NetBeans-18\netbeans\cpplite;C:\Program Files\NetBeans-18\netbeans\dlight;C:\Program Files\NetBeans-18\netbeans\groovy;C:\Program Files\NetBeans-18\netbeans\extra;C:\Program Files\NetBeans-18\netbeans\javacard;C:\Program Files\NetBeans-18\netbeans\javafx;C:\Program Files\NetBeans-18\netbeans\rust" />
    <property name="libs.hamcrest.maven-pom" value="" />
    <property name="javac.processorpath" value="../../../mysql-connector-j-9.4.0/mysql-connector-j-9.4.0/mysql-connector-j-9.4.0.jar:C:\Program Files\NetBeans-18\netbeans\java\modules\ext\eclipselink\org.eclipse.persistence.core-2.7.12.jar;C:\Program Files\NetBeans-18\netbeans\java\modules\ext\eclipselink\org.eclipse.persistence.asm-9.4.0.jar;C:\Program Files\NetBeans-18\netbeans\java\modules\ext\eclipselink\org.eclipse.persistence.antlr-2.7.12.jar;C:\Program Files\NetBeans-18\netbeans\java\modules\ext\eclipselink\org.eclipse.persistence.jpa-2.7.12.jar;C:\Program Files\NetBeans-18\netbeans\java\modules\ext\eclipselink\org.eclipse.persistence.jpa.jpql-2.7.12.jar;C:\Program Files\NetBeans-18\netbeans\java\modules\ext\eclipselink\org.eclipse.persistence.moxy-2.7.12.jar;C:\Program Files\NetBeans-18\netbeans\java\modules\ext\eclipselink\jakarta.persistence-2.2.3.jar:C:\Program Files\NetBeans-18\netbeans\java\modules\ext\AbsoluteLayout.jar:C:\Program Files\NetBeans-18\netbeans\java\modules\ext\eclipselink\org.eclipse.persistence.jpa.modelgen.processor-2.7.12.jar" />
    <property name="libs.javaee-api-6.0.javadoc" value="C:\Program Files\NetBeans-18\netbeans\enterprise\docs\javaee-doc-api.jar" />
    <property name="libs.JWSAntTasks.maven-pom" value="" />
    <property name="javac.upgrademodulepath" value="" />
    <property name="run.modulepath" value="" />
    <property name="jnlp.codebase.type" value="no.codebase" />
    <property name="do.archive+manifest.available" value="true" />
    <property name="apple.laf.useScreenMenuBar" value="true" />
    <property name="user.country" value="GB" />
    <property name="sun.java.launcher" value="SUN_STANDARD" />
    <property name="libs.jakartaee-api-9.0.maven-pom" value="" />
    <property name="libs.jpa20-persistence.src" value="" />
    <property name="libs.restapi.javadoc" value="" />
    <property name="endorsed.classpath" value="" />
    <property name="javac.test.sourcepath" value="C:\Users\Juanpi\Desktop\proyectos\culturarteFinal\proyecto java culturarte\build\empty" />
    <property name="libs.spring-webmvc3.0.maven-pom" value="" />
    <property name="includes" value="**" />
    <property name="libs.jsf12.javadoc" value="C:\Program Files\NetBeans-18\netbeans\enterprise\docs\javaee-doc-api.jar" />
    <property name="libs.hamcrest.classpath" value="C:\Program Files\NetBeans-18\netbeans\platform\modules\ext\hamcrest-core-1.3.jar" />
    <property name="javadoc.splitindex" value="true" />
    <property name="libs.JWSAntTasks.classpath" value="C:\Program Files\NetBeans-18\netbeans\java\ant\extra\org-netbeans-modules-javawebstart-anttasks.jar" />
    <property name="junit.available" value="true" />
    <property name="javac.processormodulepath" value="" />
    <property name="manifest.custom.application.library.allowable.codebase" value="" />
    <property name="javadoc.encoding" value="UTF-8" />
    <property name="libs.jsp-compilation-syscp.maven-pom" value="" />
    <property name="libs.jstl.src" value="" />
    <property name="netbeans.hash.code" value="unique=NB_EXTIDE_JAVA_PHP_WEBCOMMON_WEBEE012cd8fd5-91de-4455-89e6-4f4cdca3feaf_29692beb-a981-4a0f-95f2-63be3d287907" />
    <property name="jlink.strip" value="false" />
    <property name="libs.spring-webmvc3.0.classpath" value="C:\Program Files\NetBeans-18\netbeans\java\modules\ext\spring-3.0\spring-webmvc-3.2.18.RELEASE.jar" />
    <property name="java.runtime.name" value="Java(TM) SE Runtime Environment" />
    <property name="libs.jaxb.javadoc" value="C:\Program Files\NetBeans-18\netbeans\ide\docs\jaxb-api-doc.jar" />
    <property name="manifest.available" value="true" />
    <property name="libs.spring-framework500.maven-pom" value="" />
    <property name="run.jvmargs.ide" value="" />
    <property name="ant.core.lib" value="C:\Program Files\NetBeans-18\netbeans\extide\ant\lib\ant.jar" />
    <property name="libs.jsp-compilation.maven-pom" value="" />
    <property name="javac.profile.cmd.line.arg" value="" />
    <property name="libs.jakartaee-api-9.0.classpath" value="C:\Program Files\NetBeans-18\netbeans\enterprise\modules\ext\jakarta.jakartaee-api-9.0.0.jar" />
    <property name="application.title" value="culturarte" />
    <property name="do.archive+main.class.available" value="true" />
    <property name="ignore.failing.tests" value="true" />
    <property name="javac.test.modulepath" value="" />
    <property name="libs.jakartaee-api-10.0.src" value="" />
    <property name="libs.PostgreSQLDriver.javadoc" value="" />
    <property name="libs.jsp-compilation-syscp.classpath" value="C:\Program Files\NetBeans-18\netbeans\extide\ant\lib\ant.jar;C:\Program Files\NetBeans-18\netbeans\enterprise\modules\ext\servlet4.0-jsp2.3-api.jar;C:\Program Files\NetBeans-18\netbeans\enterprise\modules\ext\glassfish-jspparser-5.1.0.jar;C:\Program Files\NetBeans-18\netbeans\enterprise\modules\ext\jstl-impl.jar;C:\Program Files\NetBeans-18\netbeans\enterprise\modules\ext\jsf-2_2\javax.faces.jar" />
    <property name="libs.jsp-compilation.classpath" value="C:\Program Files\NetBeans-18\netbeans\extide\ant\lib\ant.jar;C:\Program Files\NetBeans-18\netbeans\enterprise\modules\ext\servlet4.0-jsp2.3-api.jar;C:\Program Files\NetBeans-18\netbeans\enterprise\modules\ext\glassfish-jspparser-5.1.0.jar;C:\Program Files\NetBeans-18\netbeans\enterprise\modules\ext\jsf-2_2\javax.faces.jar;C:\Program Files\NetBeans-18\netbeans\enterprise\modules\ext\jstl-api.jar;C:\Program Files\NetBeans-18\netbeans\extide\ant\lib\ant-launcher.jar" />
    <property name="libs.javaee-api-6.0.classpath" value="C:\Program Files\NetBeans-18\netbeans\enterprise\modules\ext\javaee-api-6.0.jar" />
    <property name="libs.javaee-api-7.0.classpath" value="C:\Program Files\NetBeans-18\netbeans\enterprise\modules\ext\javaee-api-7.0.jar" />
    <property name="sun.cpu.isalist" value="amd64" />
    <property name="libs.restapi.maven-pom" value="" />
    <property name="javadoc.preview" value="true" />
    <property name="do.depend" value="false" />
    <property name="libs.jakartaee-web-api-10.0.src" value="" />
    <property name="jnlp.signing.alias" value="" />
    <property name="sun.arch.data.model" value="64" />
    <property name="libs.jakartaee-web-api-9.0.maven-pom" value="" />
    <property name="libs.javaee-endorsed-api-7.0.src" value="" />
    <property name="annotation.processing.enabled" value="true" />
    <property name="libs.junit_5.src" value="C:\Program Files\NetBeans-18\netbeans\platform\docs\junit-jupiter-api-5.6.0-sources.jar;C:\Program Files\NetBeans-18\netbeans\platform\docs\junit-jupiter-params-5.6.0-sources.jar;C:\Program Files\NetBeans-18\netbeans\platform\docs\junit-jupiter-engine-5.6.0-sources.jar" />
    <property name="libs.jaxb.classpath" value="C:\Program Files\NetBeans-18\netbeans\ide\modules\ext\jaxb\jaxb-impl.jar;C:\Program Files\NetBeans-18\netbeans\ide\modules\ext\jaxb\jaxb-xjc.jar;C:\Program Files\NetBeans-18\netbeans\ide\modules\ext\jaxb\activation.jar;C:\Program Files\NetBeans-18\netbeans\ide\modules\ext\jaxb\api\jaxb-api.jar" />
    <property name="libs.javaee-api-8.0.classpath" value="C:\Program Files\NetBeans-18\netbeans\enterprise\modules\ext\javaee-api-8.0.jar" />
    <property name="auxiliary.org-netbeans-spi-editor-hints-projects.perProjectHintSettingsFile" value="nbproject/cfg_hints.xml" />
    <property name="libs.CopyLibs.src" value="" />
    <property name="java.specification.vendor" value="Oracle Corporation" />
    <property name="javac.source" value="21" />
    <property name="java.version.date" value="2025-01-21" />
    <property name="java.home" value="C:\Program Files\Java\jdk-24" />
    <property name="work.dir" value="C:\Users\Juanpi\Desktop\proyectos\culturarteFinal\proyecto java culturarte" />
    <property name="javac.test.compilerargs" value="" />
    <property name="jna.boot.library.name" value="jnidispatch-nb" />
    <property name="libs.PostgreSQLDriver.classpath" value="C:\Program Files\NetBeans-18\netbeans\ide\modules\ext\postgresql-42.5.4.jar" />
    <property name="libs.graaljs.javadoc" value="" />
    <property name="libs.spring-webmvc3.0.javadoc" value="" />
    <property name="libs.JAXB-ENDORSED.src" value="" />
    <property name="manifest.encoding" value="UTF-8" />
    <property name="user.script" value="" />
    <property name="manifest.custom.permissions" value="" />
    <property name="libs.spring-framework400.src" value="" />
    <property name="sun.management.compiler" value="HotSpot 64-Bit Tiered Compilers" />
    <property name="run.test.modulepath" value="" />
    <property name="libs.graaljs.classpath" value="C:\Program Files\NetBeans-18\netbeans\webcommon\modules\ext\js-20.3.0.jar;C:\Program Files\NetBeans-18\netbeans\webcommon\modules\ext\js-launcher-20.3.0.jar;C:\Program Files\NetBeans-18\netbeans\webcommon\modules\ext\regex-20.3.0.jar;C:\Program Files\NetBeans-18\netbeans\webcommon\modules\ext\icu4j-67.1.jar;C:\Program Files\NetBeans-18\netbeans\ide\modules\ext\graal-sdk-20.3.0.jar;C:\Program Files\NetBeans-18\netbeans\ide\modules\ext\launcher-common-20.3.0.jar;C:\Program Files\NetBeans-18\netbeans\ide\modules\ext\truffle-api-20.3.0.jar" />
    <property name="libs.javaee-web-api-6.0.classpath" value="C:\Program Files\NetBeans-18\netbeans\enterprise\modules\ext\javaee-web-api-6.0.jar" />
    <property name="libs.jsp-compiler.javadoc" value="" />
    <property name="debug.test.modulepath" value="" />
    <property name="libs.javaee-web-api-7.0.classpath" value="C:\Program Files\NetBeans-18\netbeans\enterprise\modules\ext\javaee-web-api-7.0.jar" />
    <property name="file.encoding" value="UTF-8" />
    <property name="java.util.logging.config.class" value="org.netbeans.core.startup.TopLogging" />
    <property name="https.nonProxyHosts" value="localhost|127.0.0.1|error404" />
    <property name="libs.restlib.javadoc" value="" />
    <property name="libs.absolutelayout.classpath" value="C:\Program Files\NetBeans-18\netbeans\java\modules\ext\AbsoluteLayout.jar" />
    <property name="org.openide.awt.ActionReference.completion" value="org.netbeans.modules.apisupport.project.layers.PathCompletions" />
    <property name="do.archive" value="true" />
    <property name="libs.struts.maven-pom" value="" />
    <property name="built-jar.properties" value="C:\Users\Juanpi\Desktop\proyectos\culturarteFinal\proyecto java culturarte\build\built-jar.properties" />
    <property name="nb.native.filechooser" value="false" />
    <property name="libs.testng.src" value="" />
    <property name="libs.javaee-web-api-8.0.classpath" value="C:\Program Files\NetBeans-18\netbeans\enterprise\modules\ext\javaee-web-api-8.0.jar" />
    <property name="platform.active" value="default_platform" />
    <property name="manifest.file" value="manifest.mf" />
    <property name="stderr.encoding" value="Cp1252" />
    <property name="sun.io.unicode.encoding" value="UnicodeLittle" />
    <property name="libs.struts.javadoc" value="C:\Program Files\NetBeans-18\netbeans\enterprise\docs\struts-1.3.10-javadoc.zip" />
    <property name="default.javac.source" value="21" />
    <property name="libs.javaee-web-api-8.0.javadoc" value="C:\Program Files\NetBeans-18\netbeans\enterprise\docs\javaee-doc-api.jar" />
    <property name="netbeans.dynamic.classpath" value="C:\Program Files\NetBeans-18\netbeans\platform\core\asm-9.5.jar;C:\Program Files\NetBeans-18\netbeans\platform\core\asm-commons-9.5.jar;C:\Program Files\NetBeans-18\netbeans\platform\core\asm-tree-9.5.jar;C:\Program Files\NetBeans-18\netbeans\platform\core\core-base.jar;C:\Program Files\NetBeans-18\netbeans\platform\core\core.jar;C:\Program Files\NetBeans-18\netbeans\platform\core\org-netbeans-libs-asm.jar;C:\Program Files\NetBeans-18\netbeans\platform\core\org-openide-filesystems-compat8.jar;C:\Program Files\NetBeans-18\netbeans\platform\core\org-openide-filesystems.jar;C:\Program Files\NetBeans-18\netbeans\nb\core\org-netbeans-upgrader.jar;C:\Program Files\NetBeans-18\netbeans\nb\core\locale\core_nb.jar" />
    <property name="flatlaf.nativeLibraryPath" value="system" />
    <property name="libs.eclipselinkmodelgen.classpath" value="C:\Program Files\NetBeans-18\netbeans\java\modules\ext\eclipselink\org.eclipse.persistence.jpa.modelgen.processor-2.7.12.jar" />
    <property name="javac.systemmodulepath.cmd.line.arg" value="" />
    <property name="netbeans.buildnumber" value="18-7d33005615b3c744564f3d38ab9ef14bf8c3ec44" />
    <property name="php.global.include.path" value="" />
    <property name="endorsed.classpath.cmd.line.arg" value="" />
    <property name="libs.jpa20-persistence.maven-pom" value="" />
    <property name="libs.CopyLibs.maven-pom" value="" />
    <property name="build.sysclasspath" value="ignore" />
    <property name="os.name" value="Windows 11" />
    <property name="libs.jakartaee-api-8.0.maven-pom" value="" />
    <property name="jdkBug6558476" value="false" />
    <property name="http.nonProxyHosts" value="localhost|127.0.0.1|error404" />
    <property name="javadoc.author" value="false" />
    <property name="main.class" value="culturarte.Culturarte" />
    <property name="libs.jsp-compilation-syscp.javadoc" value="" />
    <property name="source.encoding" value="UTF-8" />
    <property name="jar.compress" value="false" />
    <property name="libs.javaee-api-7.0.javadoc" value="C:\Program Files\NetBeans-18\netbeans\enterprise\docs\javaee-doc-api.jar" />
    <property name="flatlaf.updateUIOnSystemFontChange" value="false" />
    <property name="ant.file.type.culturarte-impl" value="file" />
    <property name="libs.spring-webmvc5.0.src" value="" />
    <property name="jnlp.mixed.code" value="default" />
    <property name="libs.jsf20.maven-pom" value="" />
    <property name="libs.restlib.classpath" value="C:\Program Files\NetBeans-18\netbeans\enterprise\modules\ext\jersey2\jakarta.annotation-api-1.3.5.jar;C:\Program Files\NetBeans-18\netbeans\enterprise\modules\ext\jersey2\jakarta.persistence-api-2.2.3.jar;C:\Program Files\NetBeans-18\netbeans\enterprise\modules\ext\jersey2\jakarta.servlet-api-4.0.4.jar;C:\Program Files\NetBeans-18\netbeans\enterprise\modules\ext\jersey2\jakarta.validation-api-2.0.2.jar;C:\Program Files\NetBeans-18\netbeans\enterprise\modules\ext\jersey2\jakarta.xml.bind-api-2.3.3.jar;C:\Program Files\NetBeans-18\netbeans\enterprise\modules\ext\jersey2\jersey-client-2.34.jar;C:\Program Files\NetBeans-18\netbeans\enterprise\modules\ext\jersey2\jersey-common-2.34.jar;C:\Program Files\NetBeans-18\netbeans\enterprise\modules\ext\jersey2\jersey-server-2.34.jar;C:\Program Files\NetBeans-18\netbeans\enterprise\modules\ext\jersey2\jersey-entity-filtering-2.34.jar;C:\Program Files\NetBeans-18\netbeans\enterprise\modules\ext\jersey2\jersey-hk2-2.34.jar;C:\Program Files\NetBeans-18\netbeans\enterprise\modules\ext\jersey2\jersey-media-moxy-2.34.jar;C:\Program Files\NetBeans-18\netbeans\enterprise\modules\ext\jersey2\jersey-container-servlet-2.34.jar;C:\Program Files\NetBeans-18\netbeans\enterprise\modules\ext\jersey2\jersey-container-servlet-core-2.34.jar;C:\Program Files\NetBeans-18\netbeans\enterprise\modules\ext\jersey2\hk2-api-2.6.1.jar;C:\Program Files\NetBeans-18\netbeans\enterprise\modules\ext\jersey2\hk2-locator-2.6.1.jar;C:\Program Files\NetBeans-18\netbeans\enterprise\modules\ext\jersey2\hk2-utils-2.6.1.jar;C:\Program Files\NetBeans-18\netbeans\enterprise\modules\ext\jersey2\jakarta.inject-2.6.1.jar;C:\Program Files\NetBeans-18\netbeans\enterprise\modules\ext\jersey2\aopalliance-repackaged-2.6.1.jar;C:\Program Files\NetBeans-18\netbeans\enterprise\modules\ext\jersey2\osgi.core-8.0.0.jar;C:\Program Files\NetBeans-18\netbeans\enterprise\modules\ext\jersey2\osgi-resource-locator-1.0.3.jar;C:\Program Files\NetBeans-18\netbeans\java\modules\ext\eclipselink\org.eclipse.persistence.core-2.7.12.jar;C:\Program Files\NetBeans-18\netbeans\java\modules\ext\eclipselink\org.eclipse.persistence.asm-9.4.0.jar;C:\Program Files\NetBeans-18\netbeans\java\modules\ext\eclipselink\org.eclipse.persistence.antlr-2.7.12.jar;C:\Program Files\NetBeans-18\netbeans\java\modules\ext\eclipselink\org.eclipse.persistence.jpa-2.7.12.jar;C:\Program Files\NetBeans-18\netbeans\java\modules\ext\eclipselink\org.eclipse.persistence.jpa.jpql-2.7.12.jar;C:\Program Files\NetBeans-18\netbeans\java\modules\ext\eclipselink\org.eclipse.persistence.moxy-2.7.12.jar" />
    <property name="libs.jakartaee-web-api-8.0.javadoc" value="C:\Program Files\NetBeans-18\netbeans\enterprise\docs\jakartaee8-doc-api.jar" />
    <property name="apple.awt.graphics.UseQuartz" value="true" />
    <property name="libs.graaljs.src" value="" />
    <property name="run.jvmargs" value="" />
    <property name="libs.primefaces.src" value="" />
    <property name="ant.file.culturarte-impl" value="C:\Users\Juanpi\Desktop\proyectos\culturarteFinal\proyecto java culturarte\nbproject\build-impl.xml" />
    <property name="ant.file" value="C:\Users\Juanpi\Desktop\proyectos\culturarteFinal\proyecto java culturarte\build.xml" />
    <property name="libs.struts.src" value="" />
    <property name="stdout.encoding" value="Cp1252" />
    <property name="path.separator" value=";" />
    <property name="libs.JAXB-ENDORSED.classpath" value="C:\Program Files\NetBeans-18\netbeans\ide\modules\ext\jaxb\api\jaxb-api.jar" />
    <property name="libs.restlib.src" value="" />
    <property name="build.test.results.dir" value="build/test/results" />
    <property name="libs.jaxws21.javadoc" value="C:\Program Files\NetBeans-18\netbeans\java\docs\jaxws-api-doc.zip" />
    <property name="libs.javaee-endorsed-api-6.0.javadoc" value="C:\Program Files\NetBeans-18\netbeans\enterprise\docs\javaee-doc-api.jar" />
    <property name="libs.spring-framework400.maven-pom" value="" />
    <property name="ap.processors.internal" value="" />
    <property name="file.reference.mysql-connector-j-9.4.0.jar" value="../../../mysql-connector-j-9.4.0/mysql-connector-j-9.4.0/mysql-connector-j-9.4.0.jar" />
    <property name="module.name" value="" />
    <property name="libs.jsf12.classpath" value="C:\Program Files\NetBeans-18\netbeans\enterprise\modules\ext\jsf-1_2\jsf-api.jar;C:\Program Files\NetBeans-18\netbeans\enterprise\modules\ext\jsf-1_2\jsf-impl.jar" />
    <property name="libs.spring-webmvc5.0.javadoc" value="" />
    <property name="libs.hamcrest.javadoc" value="" />
    <property name="libs.spring-framework400.javadoc" value="" />
    <property name="libs.libreriaLogica.javadoc" value="" />
    <property name="do.jar" value="true" />
    <property name="java.vm.info" value="mixed mode, sharing" />
    <property name="libs.primefaces.classpath" value="C:\Program Files\NetBeans-18\netbeans\enterprise\modules\ext\primefaces\primefaces-5.0.jar" />
    <property name="libs.jaxws21.maven-pom" value="" />
    <property name="run.test.classpath" value="../../../mysql-connector-j-9.4.0/mysql-connector-j-9.4.0/mysql-connector-j-9.4.0.jar:C:\Program Files\NetBeans-18\netbeans\java\modules\ext\eclipselink\org.eclipse.persistence.core-2.7.12.jar;C:\Program Files\NetBeans-18\netbeans\java\modules\ext\eclipselink\org.eclipse.persistence.asm-9.4.0.jar;C:\Program Files\NetBeans-18\netbeans\java\modules\ext\eclipselink\org.eclipse.persistence.antlr-2.7.12.jar;C:\Program Files\NetBeans-18\netbeans\java\modules\ext\eclipselink\org.eclipse.persistence.jpa-2.7.12.jar;C:\Program Files\NetBeans-18\netbeans\java\modules\ext\eclipselink\org.eclipse.persistence.jpa.jpql-2.7.12.jar;C:\Program Files\NetBeans-18\netbeans\java\modules\ext\eclipselink\org.eclipse.persistence.moxy-2.7.12.jar;C:\Program Files\NetBeans-18\netbeans\java\modules\ext\eclipselink\jakarta.persistence-2.2.3.jar:C:\Program Files\NetBeans-18\netbeans\java\modules\ext\AbsoluteLayout.jar:build/classes:../../dependencias java/junit-platform-console-standalone-1.6.0.jar:build/test/classes" />
    <property name="dist.jlink.output" value="dist/jlink/culturarte" />
    <property name="java.class.version" value="65.0" />
    <property name="javadoc.encoding.used" value="UTF-8" />
    <property name="src.dir" value="src" />
    <property name="ant.project.default-target" value="default" />
    <property name="debug.classpath" value="../../../mysql-connector-j-9.4.0/mysql-connector-j-9.4.0/mysql-connector-j-9.4.0.jar:C:\Program Files\NetBeans-18\netbeans\java\modules\ext\eclipselink\org.eclipse.persistence.core-2.7.12.jar;C:\Program Files\NetBeans-18\netbeans\java\modules\ext\eclipselink\org.eclipse.persistence.asm-9.4.0.jar;C:\Program Files\NetBeans-18\netbeans\java\modules\ext\eclipselink\org.eclipse.persistence.antlr-2.7.12.jar;C:\Program Files\NetBeans-18\netbeans\java\modules\ext\eclipselink\org.eclipse.persistence.jpa-2.7.12.jar;C:\Program Files\NetBeans-18\netbeans\java\modules\ext\eclipselink\org.eclipse.persistence.jpa.jpql-2.7.12.jar;C:\Program Files\NetBeans-18\netbeans\java\modules\ext\eclipselink\org.eclipse.persistence.moxy-2.7.12.jar;C:\Program Files\NetBeans-18\netbeans\java\modules\ext\eclipselink\jakarta.persistence-2.2.3.jar:C:\Program Files\NetBeans-18\netbeans\java\modules\ext\AbsoluteLayout.jar:build/classes" />
    <property name="excludes" value="" />
    <property name="libs.javaee-api-7.0.src" value="" />
    <property name="libs.junit_4.javadoc" value="C:\Program Files\NetBeans-18\netbeans\platform\docs\junit-4.13.2-javadoc.jar" />
    <property name="run.test.jvmargs" value="" />
    <property name="sun.jnu.encoding" value="Cp1252" />
    <property name="jnlp.offline-allowed" value="false" />
    <property name="libs.spring-webmvc4.0.src" value="" />
    <property name="sun.java2d.dpiaware" value="true" />
    <property name="main.class.available" value="true" />
    <property name="libs.jsf20.javadoc" value="C:\Program Files\NetBeans-18\netbeans\enterprise\docs\javaee-doc-api.jar" />
    <property name="jar.archive.disabled" value="false" />
    <property name="netbeans.importclass" value="org.netbeans.upgrade.AutoUpgrade" />
    <property name="netbeans.autoupdate.version" value="1.23" />
    <property name="empty.dir" value="C:\Users\Juanpi\Desktop\proyectos\culturarteFinal\proyecto java culturarte\build\empty" />
    <property name="libs.jakartaee-api-10.0.classpath" value="C:\Program Files\NetBeans-18\netbeans\enterprise\modules\ext\jakarta.jakartaee-api-10.0.0.jar" />
    <property name="netbeans.user" value="C:\Users\Juanpi\AppData\Roaming\NetBeans\18" />
    <property name="file.separator" value="\" />
    <property name="line.separator" value="&#xd;&#xa;" />
    <property name="javadoc.additionalparam" value="" />
    <property name="jnlp.signed" value="false" />
    <property name="libs.libreriaLogica.classpath" value="C:\Users\Juanpi\Documents\NetBeansProjects\webapp\libs\culturarte.jar" />
    <property name="libs.spring-webmvc5.0.classpath" value="C:\Program Files\NetBeans-18\netbeans\java\modules\ext\spring-5\spring-webmvc-5.2.9.RELEASE.jar" />
    <property name="has.persistence.xml" value="true" />
    <property name="javac.debug" value="true" />
    <property name="libs.restlib.maven-pom" value="" />
    <property name="ant.file.culturarte" value="C:\Users\Juanpi\Desktop\proyectos\culturarteFinal\proyecto java culturarte\build.xml" />
    <property name="libs.testng.classpath" value="C:\Program Files\NetBeans-18\netbeans\platform\modules\ext\testng-6.14.3.jar;C:\Program Files\NetBeans-18\netbeans\platform\modules\ext\jcommander-1.78.jar" />
    <property name="libs.jsp-compiler.src" value="" />
    <property name="user.name" value="Juanpi" />
    <property name="build.classes.dir" value="build/classes" />
    <property name="javadoc.windowtitle" value="" />
    <property name="nb.junit.single" value="false" />
    <property name="nb.internal.action.name" value="test" />
    <property name="libs.javaee-api-8.0.maven-pom" value="" />
    <property name="libs.jaxws21.src" value="" />
    <property name="apple.awt.application.appearance" value="system" />
    <property name="libs.jakartaee-web-api-9.0.javadoc" value="C:\Program Files\NetBeans-18\netbeans\enterprise\docs\jakartaee9-doc-api.jar" />
    <property name="jna.loaded" value="true" />
    <property name="libs.junit_5.maven-pom" value="" />
    <property name="libs.jpa20-persistence.javadoc" value="C:\Program Files\NetBeans-18\netbeans\java\modules\ext\docs\jakarta.persistence-2.2.3-doc.zip" />
    <property name="ant.junit.enabletestlistenerevents" value="true" />
    <property name="libs.JWSAntTasks.src" value="" />
    <property name="ant.home" value="C:\Program Files\NetBeans-18\netbeans\extide\ant" />
    <property name="libs.spring-webmvc3.0.src" value="" />
    <property name="javac.external.vm" value="true" />
    <property name="have.tests" value="true" />
    <property name="debug.test.classpath" value="../../../mysql-connector-j-9.4.0/mysql-connector-j-9.4.0/mysql-connector-j-9.4.0.jar:C:\Program Files\NetBeans-18\netbeans\java\modules\ext\eclipselink\org.eclipse.persistence.core-2.7.12.jar;C:\Program Files\NetBeans-18\netbeans\java\modules\ext\eclipselink\org.eclipse.persistence.asm-9.4.0.jar;C:\Program Files\NetBeans-18\netbeans\java\modules\ext\eclipselink\org.eclipse.persistence.antlr-2.7.12.jar;C:\Program Files\NetBeans-18\netbeans\java\modules\ext\eclipselink\org.eclipse.persistence.jpa-2.7.12.jar;C:\Program Files\NetBeans-18\netbeans\java\modules\ext\eclipselink\org.eclipse.persistence.jpa.jpql-2.7.12.jar;C:\Program Files\NetBeans-18\netbeans\java\modules\ext\eclipselink\org.eclipse.persistence.moxy-2.7.12.jar;C:\Program Files\NetBeans-18\netbeans\java\modules\ext\eclipselink\jakarta.persistence-2.2.3.jar:C:\Program Files\NetBeans-18\netbeans\java\modules\ext\AbsoluteLayout.jar:build/classes:../../dependencias java/junit-platform-console-standalone-1.6.0.jar:build/test/classes" />
    <property name="testng.debug.mode" value="" />
    <property name="javac.target" value="21" />
    <property name="jnlp.signing" value="" />
    <property name="ant.version" value="Apache Ant(TM) version 1.10.8 compiled on May 10 2020" />
    <property name="libs.absolutelayout.maven-pom" value="" />
    <property name="java.failonerror" value="true" />
    <property name="javac.modulepath" value="" />
    <property name="libs.spring-framework500.src" value="" />
    <property name="libs.javaee-api-6.0.src" value="" />
    <property name="user.properties.file" value="C:\Users\Juanpi\AppData\Roaming\NetBeans\18\build.properties" />
    <property name="netbeans.autoupdate.country" value="GB" />
    <property name="nb.wait.for.caches" value="true" />
    <property name="java.class.path" value="C:\Users\Juanpi\Desktop\mysql-connector-j-9.4.0\mysql-connector-j-9.4.0\mysql-connector-j-9.4.0.jar;C:\Program Files\NetBeans-18\netbeans\java\modules\ext\eclipselink\org.eclipse.persistence.core-2.7.12.jar;C:\Program Files\NetBeans-18\netbeans\java\modules\ext\eclipselink\org.eclipse.persistence.asm-9.4.0.jar;C:\Program Files\NetBeans-18\netbeans\java\modules\ext\eclipselink\org.eclipse.persistence.antlr-2.7.12.jar;C:\Program Files\NetBeans-18\netbeans\java\modules\ext\eclipselink\org.eclipse.persistence.jpa-2.7.12.jar;C:\Program Files\NetBeans-18\netbeans\java\modules\ext\eclipselink\org.eclipse.persistence.jpa.jpql-2.7.12.jar;C:\Program Files\NetBeans-18\netbeans\java\modules\ext\eclipselink\org.eclipse.persistence.moxy-2.7.12.jar;C:\Program Files\NetBeans-18\netbeans\java\modules\ext\eclipselink\jakarta.persistence-2.2.3.jar;C:\Program Files\NetBeans-18\netbeans\java\modules\ext\AbsoluteLayout.jar;C:\Users\Juanpi\Desktop\proyectos\culturarteFinal\proyecto java culturarte\build\classes;C:\Users\Juanpi\Desktop\proyectos\dependencias java\junit-platform-console-standalone-1.6.0.jar;C:\Users\Juanpi\Desktop\proyectos\culturarteFinal\proyecto java culturarte\build\test\classes;C:\Program Files\NetBeans-18\netbeans\extide\ant\lib\ant-launcher.jar;C:\Program Files\NetBeans-18\netbeans\extide\ant\lib\ant.jar;C:\Program Files\NetBeans-18\netbeans\extide\ant\lib\ant-junit.jar;C:\Program Files\NetBeans-18\netbeans\extide\ant\lib\ant-junit4.jar" />
    <property name="libs.javaee-web-api-6.0.maven-pom" value="" />
    <property name="java.vm.vendor" value="Oracle Corporation" />
    <property name="ap.supported.internal" value="true" />
    <property name="user.variant" value="" />
    <property name="netbeans.home+have.tests" value="true" />
    <property name="test.binaryexcludes" value="" />
    <property name="javac.compilerargs" value="" />
    <property name="libs.jstl.maven-pom" value="" />
    <property name="libs.jakartaee-web-api-8.0.src" value="" />
    <property name="sun.cpu.endian" value="little" />
    <property name="libs.junit_4.src" value="C:\Program Files\NetBeans-18\netbeans\platform\docs\junit-4.13.2-sources.jar" />
    <property name="libs.jakartaee-api-9.0.src" value="" />
    <property name="user.language" value="en" />
    <property name="copylibs.rebase" value="true" />
    <property name="libs.javaee-web-api-6.0.src" value="" />
    <property name="maven.defaultProjectBuilder.disableGlobalModelCache" value="true" />
    <property name="javadoc.nonavbar" value="false" />
    <property name="libs.javaee-api-8.0.src" value="" />
    <property name="ant.java.version" value="21" />
    <property name="libs.junit_4.classpath" value="C:\Program Files\NetBeans-18\netbeans\platform\modules\ext\junit-4.13.2.jar" />
    <property name="libs.jakartaee-api-9.0.javadoc" value="C:\Program Files\NetBeans-18\netbeans\enterprise\docs\jakartaee9-doc-api.jar" />
    <property name="libs.libreriaLogica.maven-pom" value="" />
    <property name="jlink.launcher.name" value="culturarte" />
    <property name="test.binarytestincludes" value="" />
    <property name="sun.awt.keepWorkingSetOnMinimize" value="true" />
    <property name="libs.spring-webmvc5.0.maven-pom" value="" />
    <property name="libs.junit_4.maven-pom" value="" />
    <property name="libs.jsp-compiler.maven-pom" value="" />
    <property name="runtime.encoding" value="UTF-8" />
    <property name="jlink.additionalmodules" value="" />
    <property name="libs.jakartaee-web-api-10.0.javadoc" value="C:\Program Files\NetBeans-18\netbeans\enterprise\docs\jakartaee10-doc-api.jar" />
    <property name="javac.classpath" value="../../../mysql-connector-j-9.4.0/mysql-connector-j-9.4.0/mysql-connector-j-9.4.0.jar:C:\Program Files\NetBeans-18\netbeans\java\modules\ext\eclipselink\org.eclipse.persistence.core-2.7.12.jar;C:\Program Files\NetBeans-18\netbeans\java\modules\ext\eclipselink\org.eclipse.persistence.asm-9.4.0.jar;C:\Program Files\NetBeans-18\netbeans\java\modules\ext\eclipselink\org.eclipse.persistence.antlr-2.7.12.jar;C:\Program Files\NetBeans-18\netbeans\java\modules\ext\eclipselink\org.eclipse.persistence.jpa-2.7.12.jar;C:\Program Files\NetBeans-18\netbeans\java\modules\ext\eclipselink\org.eclipse.persistence.jpa.jpql-2.7.12.jar;C:\Program Files\NetBeans-18\netbeans\java\modules\ext\eclipselink\org.eclipse.persistence.moxy-2.7.12.jar;C:\Program Files\NetBeans-18\netbeans\java\modules\ext\eclipselink\jakarta.persistence-2.2.3.jar:C:\Program Files\NetBeans-18\netbeans\java\modules\ext\AbsoluteLayout.jar" />
    <property name="libs.jakartaee-web-api-8.0.classpath" value="C:\Program Files\NetBeans-18\netbeans\enterprise\modules\ext\jakarta.jakartaee-web-api-8.0.0.jar" />
    <property name="dist.jlink.dir" value="dist/jlink" />
    <property name="nb.junit.batch" value="true" />
    <property name="libs.jakartaee-web-api-10.0.maven-pom" value="" />
    <property name="build.test.classes.dir" value="build/test/classes" />
    <property name="libs.spring-framework300.maven-pom" value="" />
    <property name="ant.project.invoked-targets" value="test" />
    <property name="libs.jstl.classpath" value="C:\Program Files\NetBeans-18\netbeans\enterprise\modules\ext\jstl-impl.jar;C:\Program Files\NetBeans-18\netbeans\enterprise\modules\ext\jstl-api.jar" />
    <property name="ap.cmd.line.internal" value="" />
    <property name="libs.PostgreSQLDriver.src" value="" />
    <property name="java.vendor.url.bug" value="https://bugreport.java.com/bugreport/" />
    <property name="annotation.processing.source.output" value="build/generated-sources/ap-source-output" />
    <property name="libs.javaee-endorsed-api-6.0.maven-pom" value="" />
    <property name="user.dir" value="C:\Users\Juanpi\Desktop\proyectos\culturarteFinal\proyecto java culturarte" />
    <property name="platform.java" value="C:\Program Files\Java\jdk-24/bin/java" />
    <property name="application.args" value="" />
    <property name="org.xml.sax.driver" value="com.sun.org.apache.xerces.internal.jaxp.SAXParserImpl$JAXPSAXParser" />
    <property name="libs.jakartaee-web-api-8.0.maven-pom" value="" />
    <property name="libs.eclipselink.src" value="" />
    <property name="java.vm.version" value="21.0.6+8-LTS-188" />
    <property name="manifest.custom.codebase" value="" />
    <property name="libs.metro.javadoc" value="C:\Program Files\NetBeans-18\netbeans\enterprise\docs\webservices-api-javadoc.jar;C:\Program Files\NetBeans-18\netbeans\enterprise\docs\webservices-extra-javadoc.jar;C:\Program Files\NetBeans-18\netbeans\enterprise\docs\webservices-extra-api-javadoc.jar;C:\Program Files\NetBeans-18\netbeans\enterprise\docs\webservices-rt-javadoc.jar;C:\Program Files\NetBeans-18\netbeans\enterprise\docs\webservices-tools-javadoc.jar" />
    <property name="libs.jakartaee-web-api-9.0.src" value="" />
    <property name="libs.jakartaee-web-api-10.0.classpath" value="C:\Program Files\NetBeans-18\netbeans\enterprise\modules\ext\jakarta.jakartaee-web-api-10.0.0.jar" />
    <property name="sun.awt.datatransfer.timeout" value="1000" />
    <property name="annotation.processing.run.all.processors" value="true" />
    <property name="junit.forkmode" value="perTest" />
    <property name="libs.jakartaee-api-8.0.src" value="" />
    <property name="libs.javaee-web-api-7.0.src" value="" />
    <property name="libs.jsp-compiler.classpath" value="C:\Program Files\NetBeans-18\netbeans\enterprise\ant\extra\jspcompile.jar" />
    <property name="libs.javaee-endorsed-api-6.0.classpath" value="C:\Program Files\NetBeans-18\netbeans\enterprise\modules\ext\javaee6-endorsed\javax.annotation.jar;C:\Program Files\NetBeans-18\netbeans\enterprise\modules\ext\javaee6-endorsed\jaxb-api-osgi.jar;C:\Program Files\NetBeans-18\netbeans\enterprise\modules\ext\javaee6-endorsed\webservices-api-osgi.jar" />
  </properties>
  <testcase classname="test.ControladoraTest" name="validarUsuarioInexistente" time="1.566" />
  <testcase classname="test.ControladoraTest" name="buscoRol" time="0.101">
    <failure message="expected:&lt;colaborador&gt; but was:&lt;null&gt;" type="junit.framework.AssertionFailedError">junit.framework.AssertionFailedError: expected:&lt;colaborador&gt; but was:&lt;null&gt;
	at test.ControladoraTest.buscoRol(ControladoraTest.java:97)
	at java.base/jdk.internal.reflect.DirectMethodHandleAccessor.invoke(DirectMethodHandleAccessor.java:103)
</failure>
  </testcase>
  <testcase classname="test.ControladoraTest" name="validarUsuarioExistenteYClaveIncorrecta" time="0.093" />
  <testcase classname="test.ControladoraTest" name="validarUsuarioExistenteYClaveCorrecta" time="0.089" />
  <system-out><![CDATA[[EL Info]: 2025-10-21 01:27:37.0--ServerSession(844112759)--EclipseLink, version: Eclipse Persistence Services - 2.7.12.v20230209-e5c4074ef3
[EL Warning]: 2025-10-21 01:27:37.978--ServerSession(844112759)--Exception [EclipseLink-4002] (Eclipse Persistence Services - 2.7.12.v20230209-e5c4074ef3): org.eclipse.persistence.exceptions.DatabaseException
Internal Exception: java.sql.SQLException: Duplicate foreign key constraint name 'FK_CATEGORIA_padre_id'
Error Code: 1826
Call: ALTER TABLE CATEGORIA ADD CONSTRAINT FK_CATEGORIA_padre_id FOREIGN KEY (padre_id) REFERENCES CATEGORIA (ID)
Query: DataModifyQuery(sql="ALTER TABLE CATEGORIA ADD CONSTRAINT FK_CATEGORIA_padre_id FOREIGN KEY (padre_id) REFERENCES CATEGORIA (ID)")
[EL Warning]: 2025-10-21 01:27:37.982--ServerSession(844112759)--Exception [EclipseLink-4002] (Eclipse Persistence Services - 2.7.12.v20230209-e5c4074ef3): org.eclipse.persistence.exceptions.DatabaseException
Internal Exception: java.sql.SQLException: Duplicate foreign key constraint name 'FK_PROPUESTA_proponente_id'
Error Code: 1826
Call: ALTER TABLE PROPUESTA ADD CONSTRAINT FK_PROPUESTA_proponente_id FOREIGN KEY (proponente_id) REFERENCES USUARIO (NICKNAME)
Query: DataModifyQuery(sql="ALTER TABLE PROPUESTA ADD CONSTRAINT FK_PROPUESTA_proponente_id FOREIGN KEY (proponente_id) REFERENCES USUARIO (NICKNAME)")
[EL Warning]: 2025-10-21 01:27:37.985--ServerSession(844112759)--Exception [EclipseLink-4002] (Eclipse Persistence Services - 2.7.12.v20230209-e5c4074ef3): org.eclipse.persistence.exceptions.DatabaseException
Internal Exception: java.sql.SQLException: Duplicate foreign key constraint name 'FK_COLABORACION_colaborador_id'
Error Code: 1826
Call: ALTER TABLE COLABORACION ADD CONSTRAINT FK_COLABORACION_colaborador_id FOREIGN KEY (colaborador_id) REFERENCES USUARIO (NICKNAME)
Query: DataModifyQuery(sql="ALTER TABLE COLABORACION ADD CONSTRAINT FK_COLABORACION_colaborador_id FOREIGN KEY (colaborador_id) REFERENCES USUARIO (NICKNAME)")
[EL Warning]: 2025-10-21 01:27:37.988--ServerSession(844112759)--Exception [EclipseLink-4002] (Eclipse Persistence Services - 2.7.12.v20230209-e5c4074ef3): org.eclipse.persistence.exceptions.DatabaseException
Internal Exception: java.sql.SQLException: Duplicate foreign key constraint name 'FK_HISTORIALESTADO_propuesta_titulo'
Error Code: 1826
Call: ALTER TABLE HISTORIALESTADO ADD CONSTRAINT FK_HISTORIALESTADO_propuesta_titulo FOREIGN KEY (propuesta_titulo) REFERENCES PROPUESTA (TITULO)
Query: DataModifyQuery(sql="ALTER TABLE HISTORIALESTADO ADD CONSTRAINT FK_HISTORIALESTADO_propuesta_titulo FOREIGN KEY (propuesta_titulo) REFERENCES PROPUESTA (TITULO)")
[EL Warning]: 2025-10-21 01:27:37.991--ServerSession(844112759)--Exception [EclipseLink-4002] (Eclipse Persistence Services - 2.7.12.v20230209-e5c4074ef3): org.eclipse.persistence.exceptions.DatabaseException
Internal Exception: java.sql.SQLException: Duplicate foreign key constraint name 'FK_USUARIO_PROPUESTA_usuario_NICKNAME'
Error Code: 1826
Call: ALTER TABLE USUARIO_PROPUESTA ADD CONSTRAINT FK_USUARIO_PROPUESTA_usuario_NICKNAME FOREIGN KEY (usuario_NICKNAME) REFERENCES USUARIO (NICKNAME)
Query: DataModifyQuery(sql="ALTER TABLE USUARIO_PROPUESTA ADD CONSTRAINT FK_USUARIO_PROPUESTA_usuario_NICKNAME FOREIGN KEY (usuario_NICKNAME) REFERENCES USUARIO (NICKNAME)")
[EL Warning]: 2025-10-21 01:27:37.994--ServerSession(844112759)--Exception [EclipseLink-4002] (Eclipse Persistence Services - 2.7.12.v20230209-e5c4074ef3): org.eclipse.persistence.exceptions.DatabaseException
Internal Exception: java.sql.SQLException: Duplicate foreign key constraint name 'FK_USUARIO_USUARIO_seguidos_NICKNAME'
Error Code: 1826
Call: ALTER TABLE USUARIO_USUARIO ADD CONSTRAINT FK_USUARIO_USUARIO_seguidos_NICKNAME FOREIGN KEY (seguidos_NICKNAME) REFERENCES USUARIO (NICKNAME)
Query: DataModifyQuery(sql="ALTER TABLE USUARIO_USUARIO ADD CONSTRAINT FK_USUARIO_USUARIO_seguidos_NICKNAME FOREIGN KEY (seguidos_NICKNAME) REFERENCES USUARIO (NICKNAME)")
[EL Warning]: 2025-10-21 01:27:37.997--ServerSession(844112759)--Exception [EclipseLink-4002] (Eclipse Persistence Services - 2.7.12.v20230209-e5c4074ef3): org.eclipse.persistence.exceptions.DatabaseException
Internal Exception: java.sql.SQLException: Duplicate foreign key constraint name 'FK_USUARIO_COLABORACION_colaborador_NICKNAME'
Error Code: 1826
Call: ALTER TABLE USUARIO_COLABORACION ADD CONSTRAINT FK_USUARIO_COLABORACION_colaborador_NICKNAME FOREIGN KEY (colaborador_NICKNAME) REFERENCES USUARIO (NICKNAME)
Query: DataModifyQuery(sql="ALTER TABLE USUARIO_COLABORACION ADD CONSTRAINT FK_USUARIO_COLABORACION_colaborador_NICKNAME FOREIGN KEY (colaborador_NICKNAME) REFERENCES USUARIO (NICKNAME)")
]]></system-out>
  <system-err><![CDATA[]]></system-err>
</testsuite>
